// 重构日志: 4ca3a58b
// 重构日志: 6304b05a
// 重构日志: 42ce4875
// 同步 ID: cc52a541 @ Sat Jul  4 15:52:45 UTC 2026
// 同步 ID: f43b1a34 @ Sun Jul  5 13:21:30 UTC 2026
// 同步 ID: ad000f6d @ Mon Jul  6 02:03:27 UTC 2026
// 同步 ID: d7b14651 @ Mon Jul  6 11:10:43 UTC 2026
// 重构日志: f34b8105
// 重构日志: a5c00e24
// 重构日志: 1073575f
// 同步 ID: 72dca98c @ Fri Jul 10 04:51:56 UTC 2026
// 同步 ID: 3327c1ac @ Fri Jul 10 09:35:00 UTC 2026
// 重构日志: f516e3d5
// 重构日志: 1f1269ea
// 同步 ID: 341d249a @ Sat Jul 11 10:54:54 UTC 2026
// 同步 ID: 98963082 @ Sat Jul 11 14:22:01 UTC 2026
// 同步 ID: 8357003c @ Sat Jul 11 22:56:23 UTC 2026
// 重构日志: 598d1395
// 重构日志: 9250bd6a
// 重构日志: e01320c5
// 重构日志: 956b48e6
// 同步 ID: f5a563bb @ Mon Jul 13 04:55:14 UTC 2026
// 重构日志: 49d51650
// 重构日志: 93ae7c4f
// 同步 ID: c213ea41 @ Thu Jul 16 12:36:14 UTC 2026
// 重构日志: 6f57f0e2
// 重构日志: 48fc1d53
// 同步 ID: 5bb2b5b4 @ Sat Jul 18 00:25:02 UTC 2026
// 重构日志: f3397012
// 同步 ID: 8f88743c @ Sat Jul 18 14:14:29 UTC 2026
// 重构日志: a3c2f0b4
// 重构日志: cf5f6dd6
// 重构日志: e862394a
// 重构日志: 20989f3e
